<?xml version="1.0" encoding="UTF-8"?>
<testsuite name="model.CircleTest" tests="4" skipped="0" failures="0" errors="0" timestamp="2021-09-22T12:00:04" hostname="Aleksandrs-MacBook-Pro.local" time="0.001">
  <properties/>
  <testcase name="testUniqueMembersCase" classname="model.CircleTest" time="0.0"/>
  <testcase name="testMemberBy" classname="model.CircleTest" time="0.0"/>
  <testcase name="testMembersByDistance" classname="model.CircleTest" time="0.0"/>
  <testcase name="testAddingRemovingCase" classname="model.CircleTest" time="0.0"/>
  <system-out><![CDATA[]]></system-out>
  <system-err><![CDATA[]]></system-err>
</testsuite>
