<?xml version="1.0" encoding="UTF-8"?>
<testsuite name="utils.CircleManagerTest" tests="6" skipped="0" failures="0" errors="0" timestamp="2021-09-22T12:00:04" hostname="Aleksandrs-MacBook-Pro.local" time="0.133">
  <properties/>
  <testcase name="testThreadSafe" classname="utils.CircleManagerTest" time="0.13"/>
  <testcase name="testRemovingFromCircle" classname="utils.CircleManagerTest" time="0.0"/>
  <testcase name="testCreatingDuplicateCircles" classname="utils.CircleManagerTest" time="0.002"/>
  <testcase name="testRemovingFromDuplicateCircles" classname="utils.CircleManagerTest" time="0.0"/>
  <testcase name="testDistinctCircles" classname="utils.CircleManagerTest" time="0.0"/>
  <testcase name="testDuplicateCountOf" classname="utils.CircleManagerTest" time="0.0"/>
  <system-out><![CDATA[Circle(uniqueId=0, name='The Fellowship of the Ring', members=[Member(uniqueId=0, name=Frodo Baggins)])
Circle(uniqueId=0, name='Ale Lovers', members=[Member(uniqueId=0, name=Frodo Baggins)])
]]></system-out>
  <system-err><![CDATA[]]></system-err>
</testsuite>
